d:\git\nadc\source\dependencies\lib\intermediates\glibrary.pdb
d:\git\nadc\source\dependencies\lib\intermediates\glibrary.idb
d:\git\nadc\source\dependencies\lib\intermediates\pad.obj
d:\git\nadc\source\dependencies\lib\intermediates\panel.obj
d:\git\nadc\source\dependencies\lib\intermediates\printw.obj
d:\git\nadc\source\dependencies\lib\intermediates\refresh.obj
d:\git\nadc\source\dependencies\lib\intermediates\scanw.obj
d:\git\nadc\source\dependencies\lib\intermediates\scroll.obj
d:\git\nadc\source\dependencies\lib\intermediates\scr_dump.obj
d:\git\nadc\source\dependencies\lib\intermediates\slk.obj
d:\git\nadc\source\dependencies\lib\intermediates\termattr.obj
d:\git\nadc\source\dependencies\lib\intermediates\terminfo.obj
d:\git\nadc\source\dependencies\lib\intermediates\touch.obj
d:\git\nadc\source\dependencies\lib\intermediates\util.obj
d:\git\nadc\source\dependencies\lib\intermediates\cwindow.obj
d:\git\nadc\source\dependencies\lib\intermediates\pdcclip.obj
d:\git\nadc\source\dependencies\lib\intermediates\pdcdisp.obj
d:\git\nadc\source\dependencies\lib\intermediates\pdcgetsc.obj
d:\git\nadc\source\dependencies\lib\intermediates\pdckbd.obj
d:\git\nadc\source\dependencies\lib\intermediates\pdcscrn.obj
d:\git\nadc\source\dependencies\lib\intermediates\pdcsetsc.obj
d:\git\nadc\source\dependencies\lib\intermediates\pdcutil.obj
d:\git\nadc\source\dependencies\lib\intermediates\debug.obj
d:\git\nadc\source\dependencies\lib\intermediates\delch.obj
d:\git\nadc\source\dependencies\lib\intermediates\deleteln.obj
d:\git\nadc\source\dependencies\lib\intermediates\deprec.obj
d:\git\nadc\source\dependencies\lib\intermediates\getch.obj
d:\git\nadc\source\dependencies\lib\intermediates\getstr.obj
d:\git\nadc\source\dependencies\lib\intermediates\getyx.obj
d:\git\nadc\source\dependencies\lib\intermediates\inch.obj
d:\git\nadc\source\dependencies\lib\intermediates\inchstr.obj
d:\git\nadc\source\dependencies\lib\intermediates\initscr.obj
d:\git\nadc\source\dependencies\lib\intermediates\inopts.obj
d:\git\nadc\source\dependencies\lib\intermediates\insch.obj
d:\git\nadc\source\dependencies\lib\intermediates\insstr.obj
d:\git\nadc\source\dependencies\lib\intermediates\instr.obj
d:\git\nadc\source\dependencies\lib\intermediates\kernel.obj
d:\git\nadc\source\dependencies\lib\intermediates\keyname.obj
d:\git\nadc\source\dependencies\lib\intermediates\mouse.obj
d:\git\nadc\source\dependencies\lib\intermediates\move.obj
d:\git\nadc\source\dependencies\lib\intermediates\outopts.obj
d:\git\nadc\source\dependencies\lib\intermediates\overlay.obj
d:\git\nadc\source\dependencies\lib\intermediates\addch.obj
d:\git\nadc\source\dependencies\lib\intermediates\addchstr.obj
d:\git\nadc\source\dependencies\lib\intermediates\addstr.obj
d:\git\nadc\source\dependencies\lib\intermediates\attr.obj
d:\git\nadc\source\dependencies\lib\intermediates\beep.obj
d:\git\nadc\source\dependencies\lib\intermediates\bkgd.obj
d:\git\nadc\source\dependencies\lib\intermediates\border.obj
d:\git\nadc\source\dependencies\lib\intermediates\clear.obj
d:\git\nadc\source\dependencies\lib\intermediates\ccolor.obj
d:\git\nadc\source\dependencies\lib\intermediates\playlist.obj
d:\git\nadc\source\dependencies\lib\intermediates\sound.obj
d:\git\nadc\source\dependencies\lib\intermediates\soundmanager.obj
d:\git\nadc\source\dependencies\lib\intermediates\cursor.obj
d:\git\nadc\source\dependencies\lib\intermediates\io.obj
d:\git\nadc\source\dependencies\lib\intermediates\log.obj
d:\git\nadc\source\dependencies\lib\intermediates\message.obj
d:\git\nadc\source\dependencies\lib\intermediates\window.obj
d:\git\nadc\source\dependencies\lib\intermediates\engine.obj
d:\git\nadc\source\dependencies\lib\intermediates\color.obj
d:\git\nadc\source\dependencies\lib\intermediates\draw.obj
d:\git\nadc\source\dependencies\lib\intermediates\geometry.obj
d:\git\nadc\source\dependencies\lib\intermediates\vector.obj
d:\git\nadc\source\dependencies\lib\intermediates\vector2.obj
d:\git\nadc\source\dependencies\lib\intermediates\system.obj
d:\git\nadc\source\dependencies\lib\glibrary.lib
d:\git\nadc\source\dependencies\lib\intermediates\pdcurses.res
d:\git\nadc\source\\dependencies\lib\glibrary.pdb
d:\git\nadc\source\\dependencies\lib\glibrary.lib
d:\git\nadc\source\dependencies\lib\intermediates\glibrary.tlog\cl.command.1.tlog
d:\git\nadc\source\dependencies\lib\intermediates\glibrary.tlog\cl.read.1.tlog
d:\git\nadc\source\dependencies\lib\intermediates\glibrary.tlog\cl.write.1.tlog
d:\git\nadc\source\dependencies\lib\intermediates\glibrary.tlog\lib-link-cvtres.read.1.tlog
d:\git\nadc\source\dependencies\lib\intermediates\glibrary.tlog\lib-link-cvtres.write.1.tlog
d:\git\nadc\source\dependencies\lib\intermediates\glibrary.tlog\lib.command.1.tlog
d:\git\nadc\source\dependencies\lib\intermediates\glibrary.tlog\rc.command.1.tlog
d:\git\nadc\source\dependencies\lib\intermediates\glibrary.tlog\rc.read.1.tlog
d:\git\nadc\source\dependencies\lib\intermediates\glibrary.tlog\rc.write.1.tlog
