Build started 2015-10-16 15:34:45.
     1>Project "D:\Git\NADC\Source\glibrary\Glibrary.vcxproj" on node 2 (Rebuild target(s)).
     1>ClCompile:
         F:\_Applications\Visual Studio 2015\VC\bin\CL.exe /c /ID:\Git\NADC\Source\glibrary\Dependencies\include /ZI /nologo /W3 /WX- /sdl /Od /Oy- /D _CRT_SECURE_NO_WARNINGS /D _DEBUG /D _MBCS /Gm /EHsc /RTC1 /MDd /GS /fp:precise /Zc:wchar_t /Zc:forScope /Zc:inline /Fo"D:\Git\NADC\Source\\Dependencies\lib\Intermediates\\" /Fd"D:\Git\NADC\Source\\Dependencies\lib\Intermediates\glibrary.pdb" /Gd /TC /analyze- /errorReport:prompt src\curses\pdcurses\addch.c src\curses\pdcurses\addchstr.c src\curses\pdcurses\addstr.c src\curses\pdcurses\attr.c src\curses\pdcurses\beep.c src\curses\pdcurses\bkgd.c src\curses\pdcurses\border.c src\curses\pdcurses\clear.c src\curses\pdcurses\ccolor.c src\curses\pdcurses\debug.c src\curses\pdcurses\delch.c src\curses\pdcurses\deleteln.c src\curses\pdcurses\deprec.c src\curses\pdcurses\getch.c src\curses\pdcurses\getstr.c src\curses\pdcurses\getyx.c src\curses\pdcurses\inch.c src\curses\pdcurses\inchstr.c src\curses\pdcurses\initscr.c src\curses\pdcurses\inopts.c src\curses\pdcurses\insch.c src\curses\pdcurses\insstr.c src\curses\pdcurses\instr.c src\curses\pdcurses\kernel.c src\curses\pdcurses\keyname.c src\curses\pdcurses\mouse.c src\curses\pdcurses\move.c src\curses\pdcurses\outopts.c src\curses\pdcurses\overlay.c src\curses\pdcurses\pad.c src\curses\pdcurses\panel.c src\curses\pdcurses\printw.c src\curses\pdcurses\refresh.c src\curses\pdcurses\scanw.c src\curses\pdcurses\scroll.c src\curses\pdcurses\scr_dump.c src\curses\pdcurses\slk.c src\curses\pdcurses\termattr.c src\curses\pdcurses\terminfo.c src\curses\pdcurses\touch.c src\curses\pdcurses\util.c src\curses\pdcurses\cwindow.c src\curses\win32\pdcclip.c src\curses\win32\pdcdisp.c src\curses\win32\pdcgetsc.c src\curses\win32\pdckbd.c src\curses\win32\pdcscrn.c src\curses\win32\pdcsetsc.c src\curses\win32\pdcutil.c
         pdcutil.c
         pdcsetsc.c
         pdcscrn.c
         pdckbd.c
         pdcgetsc.c
         pdcdisp.c
         pdcclip.c
         cwindow.c
         util.c
         touch.c
         terminfo.c
         termattr.c
         slk.c
         scr_dump.c
         scroll.c
         scanw.c
         refresh.c
         printw.c
         panel.c
         pad.c
         Generating Code...
         Compiling...
         overlay.c
         outopts.c
         move.c
         mouse.c
         keyname.c
         kernel.c
         instr.c
         insstr.c
         insch.c
         inopts.c
         initscr.c
         inchstr.c
         inch.c
         getyx.c
         getstr.c
         getch.c
         deprec.c
         deleteln.c
         delch.c
         debug.c
         Generating Code...
         Compiling...
         ccolor.c
         clear.c
         border.c
         bkgd.c
         beep.c
         attr.c
         addstr.c
         addchstr.c
         addch.c
         Generating Code...
         F:\_Applications\Visual Studio 2015\VC\bin\CL.exe /c /ID:\Git\NADC\Source\glibrary\Dependencies\include /ZI /nologo /W3 /WX- /sdl /Od /Oy- /D _CRT_SECURE_NO_WARNINGS /D _DEBUG /D _MBCS /Gm /EHsc /RTC1 /MDd /GS /fp:precise /Zc:wchar_t /Zc:forScope /Zc:inline /Fo"D:\Git\NADC\Source\\Dependencies\lib\Intermediates\\" /Fd"D:\Git\NADC\Source\\Dependencies\lib\Intermediates\glibrary.pdb" /Gd /TP /analyze- /errorReport:prompt src\glibrary\audio\playlist.cpp src\glibrary\audio\sound.cpp src\glibrary\audio\soundmanager.cpp src\glibrary\console\cursor.cpp src\glibrary\console\io.cpp src\glibrary\console\log.cpp src\glibrary\console\message.cpp src\glibrary\console\window.cpp src\glibrary\engine\engine.cpp src\glibrary\graphics\color.cpp src\glibrary\graphics\draw.cpp src\glibrary\maths\geometry.cpp src\glibrary\maths\vector2.cpp src\glibrary\system\system.cpp
         system.cpp
         vector2.cpp
         geometry.cpp
         draw.cpp
         color.cpp
         engine.cpp
     1>c:\program files (x86)\windows kits\8.1\include\um\wincon.h(118): warning C4005: 'MOUSE_MOVED': macro redefinition
         d:\git\nadc\source\glibrary\src\curses\curses.h(153): note: see previous definition of 'MOUSE_MOVED'
         window.cpp
         message.cpp
         log.cpp
         io.cpp
         cursor.cpp
         soundmanager.cpp
         sound.cpp
         playlist.cpp
         Generating Code...
       ResourceCompile:
         C:\Program Files (x86)\Windows Kits\8.1\bin\x86\rc.exe /l"0x0409" /nologo /fo"D:\Git\NADC\Source\\Dependencies\lib\Intermediates\pdcurses.res" src\curses\win32\pdcurses.rc 
       Lib:
         F:\_Applications\Visual Studio 2015\VC\bin\Lib.exe /OUT:"D:\Git\NADC\Source\\Dependencies\lib\glibrary.lib" irrKlang.lib /NOLOGO D:\Git\NADC\Source\\Dependencies\lib\Intermediates\pdcurses.res
         D:\Git\NADC\Source\\Dependencies\lib\Intermediates\addch.obj
         D:\Git\NADC\Source\\Dependencies\lib\Intermediates\addchstr.obj
         D:\Git\NADC\Source\\Dependencies\lib\Intermediates\addstr.obj
         D:\Git\NADC\Source\\Dependencies\lib\Intermediates\attr.obj
         D:\Git\NADC\Source\\Dependencies\lib\Intermediates\beep.obj
         D:\Git\NADC\Source\\Dependencies\lib\Intermediates\bkgd.obj
         D:\Git\NADC\Source\\Dependencies\lib\Intermediates\border.obj
         D:\Git\NADC\Source\\Dependencies\lib\Intermediates\clear.obj
         D:\Git\NADC\Source\\Dependencies\lib\Intermediates\ccolor.obj
         D:\Git\NADC\Source\\Dependencies\lib\Intermediates\debug.obj
         D:\Git\NADC\Source\\Dependencies\lib\Intermediates\delch.obj
         D:\Git\NADC\Source\\Dependencies\lib\Intermediates\deleteln.obj
         D:\Git\NADC\Source\\Dependencies\lib\Intermediates\deprec.obj
         D:\Git\NADC\Source\\Dependencies\lib\Intermediates\getch.obj
         D:\Git\NADC\Source\\Dependencies\lib\Intermediates\getstr.obj
         D:\Git\NADC\Source\\Dependencies\lib\Intermediates\getyx.obj
         D:\Git\NADC\Source\\Dependencies\lib\Intermediates\inch.obj
         D:\Git\NADC\Source\\Dependencies\lib\Intermediates\inchstr.obj
         D:\Git\NADC\Source\\Dependencies\lib\Intermediates\initscr.obj
         D:\Git\NADC\Source\\Dependencies\lib\Intermediates\inopts.obj
         D:\Git\NADC\Source\\Dependencies\lib\Intermediates\insch.obj
         D:\Git\NADC\Source\\Dependencies\lib\Intermediates\insstr.obj
         D:\Git\NADC\Source\\Dependencies\lib\Intermediates\instr.obj
         D:\Git\NADC\Source\\Dependencies\lib\Intermediates\kernel.obj
         D:\Git\NADC\Source\\Dependencies\lib\Intermediates\keyname.obj
         D:\Git\NADC\Source\\Dependencies\lib\Intermediates\mouse.obj
         D:\Git\NADC\Source\\Dependencies\lib\Intermediates\move.obj
         D:\Git\NADC\Source\\Dependencies\lib\Intermediates\outopts.obj
         D:\Git\NADC\Source\\Dependencies\lib\Intermediates\overlay.obj
         D:\Git\NADC\Source\\Dependencies\lib\Intermediates\pad.obj
         D:\Git\NADC\Source\\Dependencies\lib\Intermediates\panel.obj
         D:\Git\NADC\Source\\Dependencies\lib\Intermediates\printw.obj
         D:\Git\NADC\Source\\Dependencies\lib\Intermediates\refresh.obj
         D:\Git\NADC\Source\\Dependencies\lib\Intermediates\scanw.obj
         D:\Git\NADC\Source\\Dependencies\lib\Intermediates\scroll.obj
         D:\Git\NADC\Source\\Dependencies\lib\Intermediates\scr_dump.obj
         D:\Git\NADC\Source\\Dependencies\lib\Intermediates\slk.obj
         D:\Git\NADC\Source\\Dependencies\lib\Intermediates\termattr.obj
         D:\Git\NADC\Source\\Dependencies\lib\Intermediates\terminfo.obj
         D:\Git\NADC\Source\\Dependencies\lib\Intermediates\touch.obj
         D:\Git\NADC\Source\\Dependencies\lib\Intermediates\util.obj
         D:\Git\NADC\Source\\Dependencies\lib\Intermediates\cwindow.obj
         D:\Git\NADC\Source\\Dependencies\lib\Intermediates\pdcclip.obj
         D:\Git\NADC\Source\\Dependencies\lib\Intermediates\pdcdisp.obj
         D:\Git\NADC\Source\\Dependencies\lib\Intermediates\pdcgetsc.obj
         D:\Git\NADC\Source\\Dependencies\lib\Intermediates\pdckbd.obj
         D:\Git\NADC\Source\\Dependencies\lib\Intermediates\pdcscrn.obj
         D:\Git\NADC\Source\\Dependencies\lib\Intermediates\pdcsetsc.obj
         D:\Git\NADC\Source\\Dependencies\lib\Intermediates\pdcutil.obj
         D:\Git\NADC\Source\\Dependencies\lib\Intermediates\playlist.obj
         D:\Git\NADC\Source\\Dependencies\lib\Intermediates\sound.obj
         D:\Git\NADC\Source\\Dependencies\lib\Intermediates\soundmanager.obj
         D:\Git\NADC\Source\\Dependencies\lib\Intermediates\cursor.obj
         D:\Git\NADC\Source\\Dependencies\lib\Intermediates\io.obj
         D:\Git\NADC\Source\\Dependencies\lib\Intermediates\log.obj
         D:\Git\NADC\Source\\Dependencies\lib\Intermediates\message.obj
         D:\Git\NADC\Source\\Dependencies\lib\Intermediates\window.obj
         D:\Git\NADC\Source\\Dependencies\lib\Intermediates\engine.obj
         D:\Git\NADC\Source\\Dependencies\lib\Intermediates\color.obj
         D:\Git\NADC\Source\\Dependencies\lib\Intermediates\draw.obj
         D:\Git\NADC\Source\\Dependencies\lib\Intermediates\geometry.obj
         D:\Git\NADC\Source\\Dependencies\lib\Intermediates\vector2.obj
         D:\Git\NADC\Source\\Dependencies\lib\Intermediates\system.obj
     1>LINK : warning LNK4068: /MACHINE not specified; defaulting to X86
         Glibrary.vcxproj -> D:\Git\NADC\Source\\Dependencies\lib\glibrary.lib
     1>Done Building Project "D:\Git\NADC\Source\glibrary\Glibrary.vcxproj" (Rebuild target(s)).

Build succeeded.

Time Elapsed 00:00:11.01
