d:\dropbox\_applications\vs2013\_projects\c++\console\nadc\bin\debug\intermediates\vc140.pdb
d:\dropbox\_applications\vs2013\_projects\c++\console\nadc\bin\debug\intermediates\vc140.idb
d:\dropbox\_applications\vs2013\_projects\c++\console\nadc\bin\debug\intermediates\item.obj
d:\dropbox\_applications\vs2013\_projects\c++\console\nadc\bin\debug\intermediates\levelmanager.obj
d:\dropbox\_applications\vs2013\_projects\c++\console\nadc\bin\debug\intermediates\room.obj
d:\dropbox\_applications\vs2013\_projects\c++\console\nadc\bin\debug\intermediates\level.obj
d:\dropbox\_applications\vs2013\_projects\c++\console\nadc\bin\debug\intermediates\levelgenerator.obj
d:\dropbox\_applications\vs2013\_projects\c++\console\nadc\bin\debug\intermediates\tile.obj
d:\dropbox\_applications\vs2013\_projects\c++\console\nadc\bin\debug\intermediates\camera.obj
d:\dropbox\_applications\vs2013\_projects\c++\console\nadc\bin\debug\intermediates\console.obj
d:\dropbox\_applications\vs2013\_projects\c++\console\nadc\bin\debug\intermediates\event.obj
d:\dropbox\_applications\vs2013\_projects\c++\console\nadc\bin\debug\intermediates\eventhandler.obj
d:\dropbox\_applications\vs2013\_projects\c++\console\nadc\bin\debug\intermediates\eventlistener.obj
d:\dropbox\_applications\vs2013\_projects\c++\console\nadc\bin\debug\intermediates\playerattackedevent.obj
d:\dropbox\_applications\vs2013\_projects\c++\console\nadc\bin\debug\intermediates\playermovedevent.obj
d:\dropbox\_applications\vs2013\_projects\c++\console\nadc\bin\debug\intermediates\entityinfo_ui.obj
d:\dropbox\_applications\vs2013\_projects\c++\console\nadc\bin\debug\intermediates\equipment_ui.obj
d:\dropbox\_applications\vs2013\_projects\c++\console\nadc\bin\debug\intermediates\inventory_ui.obj
d:\dropbox\_applications\vs2013\_projects\c++\console\nadc\bin\debug\intermediates\playerinfo_ui.obj
d:\dropbox\_applications\vs2013\_projects\c++\console\nadc\bin\debug\intermediates\tileinfo_ui.obj
d:\dropbox\_applications\vs2013\_projects\c++\console\nadc\bin\debug\intermediates\uielement.obj
d:\dropbox\_applications\vs2013\_projects\c++\console\nadc\bin\debug\intermediates\uimanager.obj
d:\dropbox\_applications\vs2013\_projects\c++\console\nadc\bin\debug\intermediates\main.obj
d:\dropbox\_applications\vs2013\_projects\c++\console\nadc\bin\debug\intermediates\creature.obj
d:\dropbox\_applications\vs2013\_projects\c++\console\nadc\bin\debug\intermediates\enemy.obj
d:\dropbox\_applications\vs2013\_projects\c++\console\nadc\bin\debug\intermediates\player.obj
d:\dropbox\_applications\vs2013\_projects\c++\console\nadc\bin\debug\intermediates\shopkeeper.obj
d:\dropbox\_applications\vs2013\_projects\c++\console\nadc\bin\debug\intermediates\entity.obj
d:\dropbox\_applications\vs2013\_projects\c++\console\nadc\bin\debug\intermediates\entitytemplate.obj
d:\dropbox\_applications\vs2013\_projects\c++\console\nadc\bin\debug\intermediates\food.obj
d:\dropbox\_applications\vs2013\_projects\c++\console\nadc\bin\debug\intermediates\lightsource.obj
d:\dropbox\_applications\vs2013\_projects\c++\console\nadc\bin\debug\intermediates\stairs.obj
d:\dropbox\_applications\vs2013\_projects\c++\console\nadc\bin\debug\intermediates\newspawnsource.obj
d:\dropbox\_applications\vs2013\_projects\c++\console\nadc\bin\debug\intermediates\inventory.obj
d:\dropbox\_applications\vs2013\_projects\c++\console\nadc\bin\debug\intermediates\alcohol.obj
d:\dropbox\_applications\vs2013\_projects\c++\console\nadc\bin\debug\intermediates\consumable.obj
d:\dropbox\_applications\vs2013\_projects\c++\console\nadc\bin\debug\intermediates\equipment.obj
d:\dropbox\_applications\vs2013\_projects\c++\console\nadc\bin\debug\intermediates\equipmentslot.obj
d:\dropbox\_applications\vs2013\_projects\c++\console\nadc\bin\debug\nadc.ilk
d:\dropbox\_applications\vs2013\_projects\c++\console\nadc\bin\debug\nadc.exe
d:\dropbox\_applications\vs2013\_projects\c++\console\nadc\bin\debug\nadc.pdb
d:\dropbox\_applications\vs2013\_projects\c++\console\nadc\bin\debug\intermediates\nadc-core.tlog\cl.command.1.tlog
d:\dropbox\_applications\vs2013\_projects\c++\console\nadc\bin\debug\intermediates\nadc-core.tlog\cl.read.1.tlog
d:\dropbox\_applications\vs2013\_projects\c++\console\nadc\bin\debug\intermediates\nadc-core.tlog\cl.write.1.tlog
d:\dropbox\_applications\vs2013\_projects\c++\console\nadc\bin\debug\intermediates\nadc-core.tlog\link.command.1.tlog
d:\dropbox\_applications\vs2013\_projects\c++\console\nadc\bin\debug\intermediates\nadc-core.tlog\link.read.1.tlog
d:\dropbox\_applications\vs2013\_projects\c++\console\nadc\bin\debug\intermediates\nadc-core.tlog\link.write.1.tlog
